<?xml version="1.0" encoding="UTF-8" ?>
<testsuite errors="0" failures="1" hostname="p0416.mtv.cloudera.com" name="org.apache.hadoop.hive.cli.TestCliDriver" tests="2" time="439.527" timestamp="2013-01-28T01:14:46">
  <properties>
    <property name="hadoop.bin.path" value="/data/6/hive-local/p0416.mtv.cloudera.com-hiveptest-2/source/testutils/hadoop" />
    <property name="hadoop.mirror2" value="http://archive.cloudera.com/hive-deps" />
    <property name="ivy_repo_url" value="http://repo2.maven.org/maven2/org/apache/ivy/ivy/2.1.0/ivy-2.1.0.jar" />
    <property name="snapshots.cloudera.com.ql.ivy.settings" value="https://repository.cloudera.com/artifactory/libs-snapshot-local/" />
    <property name="is-offline" value="false" />
  </properties>
  <testcase classname="org.apache.hadoop.hive.cli.TestCliDriver" name="testCliDriver_skewjoin" time="434.688">
    <failure message="Unexpected exception&#xa;See build/ql/tmp/hive.log, or try &quot;ant test ... -Dtest.silent=false&quot; to get more logs." type="junit.framework.AssertionFailedError">junit.framework.AssertionFailedError: Unexpected exception
See build/ql/tmp/hive.log, or try &quot;ant test ... -Dtest.silent=false&quot; to get more logs.
	at junit.framework.Assert.fail(Assert.java:50)
	at org.apache.hadoop.hive.cli.TestCliDriver.testCliDriver_skewjoin(TestCliDriver.java:156)
	at sun.reflect.NativeMethodAccessorImpl.invoke0(Native Method)
	at sun.reflect.NativeMethodAccessorImpl.invoke(NativeMethodAccessorImpl.java:39)
	at sun.reflect.DelegatingMethodAccessorImpl.invoke(DelegatingMethodAccessorImpl.java:25)
	at java.lang.reflect.Method.invoke(Method.java:597)
	at junit.framework.TestCase.runTest(TestCase.java:168)
	at junit.framework.TestCase.runBare(TestCase.java:134)
	at junit.framework.TestResult$1.protect(TestResult.java:110)
	at junit.framework.TestResult.runProtected(TestResult.java:128)
	at junit.framework.TestResult.run(TestResult.java:113)
	at junit.framework.TestCase.run(TestCase.java:124)
	at junit.framework.TestSuite.runTest(TestSuite.java:243)
	at junit.framework.TestSuite.run(TestSuite.java:238)
	at org.apache.tools.ant.taskdefs.optional.junit.JUnitTestRunner.run(JUnitTestRunner.java:520)
	at org.apache.tools.ant.taskdefs.optional.junit.JUnitTestRunner.launch(JUnitTestRunner.java:1060)
	at org.apache.tools.ant.taskdefs.optional.junit.JUnitTestRunner.main(JUnitTestRunner.java:911)
</failure>
  </testcase>
  <testcase classname="org.apache.hadoop.hive.cli.TestCliDriver" name="testCliDriver_shutdown" time="4.824" />
  <system-out><![CDATA[Begin query: skewjoin.q
Deleted /data/6/hive-local/p0416.mtv.cloudera.com-hiveptest-2/source/build/ql/test/data/warehouse/dest_j1
diff -a /data/6/hive-local/p0416.mtv.cloudera.com-hiveptest-2/source/build/ql/test/logs/clientpositive/skewjoin.q.out /data/6/hive-local/p0416.mtv.cloudera.com-hiveptest-2/source/ql/src/test/results/clientpositive/skewjoin.q.out
1513a1514
> 293143	-136853010385
Exception: Client execution results failed with error code = 1
See build/ql/tmp/hive.log, or try "ant test ... -Dtest.silent=false" to get more logs.
Failed query: skewjoin.q
Cleaning up TestCliDriver
]]></system-out>
  <system-err><![CDATA[WARNING: org.apache.hadoop.metrics.jvm.EventCounter is deprecated. Please use org.apache.hadoop.log.metrics.EventCounter in all the log4j.properties files.
Hive history file=/data/6/hive-local/p0416.mtv.cloudera.com-hiveptest-2/source/build/ql/tmp/hive_job_log_hiveptest_201301271712_1670514421.txt
Hive history file=/data/6/hive-local/p0416.mtv.cloudera.com-hiveptest-2/source/build/ql/tmp/hive_job_log_hiveptest_201301271712_1323090315.txt
PREHOOK: query: LOAD DATA LOCAL INPATH '/data/6/hive-local/p0416.mtv.cloudera.com-hiveptest-2/source/data/files/kv1.txt' OVERWRITE INTO TABLE srcpart PARTITION (ds='2008-04-08',hr='11')
PREHOOK: type: LOAD
PREHOOK: Output: default@srcpart
	at org.apache.tools.ant.taskdefs.optional.junit.JUnitTestRunner.run(JUnitTestRunner.java:520)
	at org.apache.tools.ant.taskdefs.optional.junit.JUnitTestRunner.launch(JUnitTestRunner.java:1060)
	at org.apache.tools.ant.taskdefs.optional.junit.JUnitTestRunner.main(JUnitTestRunner.java:911)
]]></system-err>
</testsuite>
